<?xml version="1.0" encoding="UTF-8"?>
<!-- Generated by org.testng.reporters.JUnitReportReporter -->
<testsuite skipped="0" hostname="LAPTOP-B1VDJO44" name="com.inetbanking.TestCases.TC_logintest" tests="1" failures="0" timestamp="23 Dec 2019 06:59:53 GMT" time="3.781" errors="0">
  <testcase name="logintest" time="3.781" classname="com.inetbanking.TestCases.TC_logintest"/>
</testsuite> <!-- com.inetbanking.TestCases.TC_logintest -->
