<?xml version="1.0" encoding="UTF-8"?>
<!-- Generated by org.testng.reporters.JUnitReportReporter -->
<testsuite skipped="0" hostname="LAPTOP-B1VDJO44" name="com.inetbanking.TestCases.TC_addcustomertest" tests="1" failures="0" timestamp="29 Dec 2019 15:41:36 GMT" time="15.947" errors="0">
  <testcase name="addnewcustomer" time="15.947" classname="com.inetbanking.TestCases.TC_addcustomertest"/>
</testsuite> <!-- com.inetbanking.TestCases.TC_addcustomertest -->
